<?xml version="1.0" encoding="UTF-8"?>
<!-- Generated by org.testng.reporters.JUnitReportReporter -->
<testsuite skipped="0" hostname="LAPTOP-S1LVCJIH" name="com.TestCases.Tc01_GetPlaceDetails_GogleMaps" tests="1" failures="0" timestamp="30 Jun 2019 03:25:06 GMT" time="5.660" errors="0">
  <testcase name="getPlaceDetails" time="5.660" classname="com.TestCases.Tc01_GetPlaceDetails_GogleMaps"/>
</testsuite> <!-- com.TestCases.Tc01_GetPlaceDetails_GogleMaps -->
